12:32:32:760 [ALWAYS]	GUDE Logging Started
12:32:32:761 [INFO]	SqliteResumeCache::SqliteResumeCache basedirectory is null/empty
12:32:32:761 [ERROR]	SqliteResumeCache::CreateSqliteResumeCache creating resume cache pointer failure
12:32:32:761 [ERROR]	Initialize resume cache pointer failure
12:32:32:761 [INFO]	gude policy POLICY_USER limit (2,2,1) chunk 2097152, chunking (UL 0 DL 1), resXfer 1, adapt 0, NSURL 0, timeout 86400 
12:32:32:761 [INFO]	Initialized -- gude-lib version: v0.12.1 app: gude
12:32:34:039 [WARN]	Ignoring attempt to reinit logging to \gude at level 4 retaining 3 days of logs
12:32:34:040 [INFO]	SqliteResumeCache::SqliteResumeCache basedirectory is null/empty
12:32:34:040 [ERROR]	SqliteResumeCache::CreateSqliteResumeCache creating resume cache pointer failure
12:32:34:040 [ERROR]	Initialize resume cache pointer failure
12:32:34:040 [INFO]	gude policy POLICY_USER limit (4,4,1) chunk 2097152, chunking (UL 0 DL 1), resXfer 1, adapt 0, NSURL 1, timeout 86400 
12:32:34:040 [INFO]	Initialized -- gude-lib version: v0.12.1 app: gude
12:32:48:809 [ALWAYS]	GUDE Logging Started
12:32:48:809 [INFO]	SqliteResumeCache::SqliteResumeCache basedirectory is null/empty
12:32:48:809 [ERROR]	SqliteResumeCache::CreateSqliteResumeCache creating resume cache pointer failure
12:32:48:809 [ERROR]	Initialize resume cache pointer failure
12:32:48:809 [INFO]	gude policy POLICY_USER limit (2,2,1) chunk 2097152, chunking (UL 0 DL 1), resXfer 1, adapt 0, NSURL 0, timeout 86400 
12:32:48:809 [INFO]	Initialized -- gude-lib version: v0.12.1 app: gude
12:32:50:046 [WARN]	Ignoring attempt to reinit logging to \gude at level 4 retaining 3 days of logs
12:32:50:046 [INFO]	SqliteResumeCache::SqliteResumeCache basedirectory is null/empty
12:32:50:046 [ERROR]	SqliteResumeCache::CreateSqliteResumeCache creating resume cache pointer failure
12:32:50:046 [ERROR]	Initialize resume cache pointer failure
12:32:50:047 [INFO]	gude policy POLICY_USER limit (4,4,1) chunk 2097152, chunking (UL 0 DL 1), resXfer 1, adapt 0, NSURL 1, timeout 86400 
12:32:50:047 [INFO]	Initialized -- gude-lib version: v0.12.1 app: gude
12:33:13:252 [ALWAYS]	GUDE Logging Started
12:33:13:253 [INFO]	SqliteResumeCache::SqliteResumeCache basedirectory is null/empty
12:33:13:253 [ERROR]	SqliteResumeCache::CreateSqliteResumeCache creating resume cache pointer failure
12:33:13:253 [ERROR]	Initialize resume cache pointer failure
12:33:13:253 [INFO]	gude policy POLICY_USER limit (2,2,1) chunk 2097152, chunking (UL 0 DL 1), resXfer 1, adapt 0, NSURL 0, timeout 86400 
12:33:13:253 [INFO]	Initialized -- gude-lib version: v0.12.1 app: gude
12:33:14:506 [WARN]	Ignoring attempt to reinit logging to \gude at level 4 retaining 3 days of logs
12:33:14:506 [INFO]	SqliteResumeCache::SqliteResumeCache basedirectory is null/empty
12:33:14:506 [ERROR]	SqliteResumeCache::CreateSqliteResumeCache creating resume cache pointer failure
12:33:14:506 [ERROR]	Initialize resume cache pointer failure
12:33:14:506 [INFO]	gude policy POLICY_USER limit (4,4,1) chunk 2097152, chunking (UL 0 DL 1), resXfer 1, adapt 0, NSURL 1, timeout 86400 
12:33:14:506 [INFO]	Initialized -- gude-lib version: v0.12.1 app: gude
13:15:02:667 [ALWAYS]	GUDE Logging Started
13:15:02:667 [INFO]	SqliteResumeCache::SqliteResumeCache basedirectory is null/empty
13:15:02:667 [ERROR]	SqliteResumeCache::CreateSqliteResumeCache creating resume cache pointer failure
13:15:02:667 [ERROR]	Initialize resume cache pointer failure
13:15:02:668 [INFO]	gude policy POLICY_USER limit (2,2,1) chunk 2097152, chunking (UL 0 DL 1), resXfer 1, adapt 0, NSURL 0, timeout 86400 
13:15:02:668 [INFO]	Initialized -- gude-lib version: v0.12.1 app: gude
13:15:04:226 [WARN]	Ignoring attempt to reinit logging to \gude at level 4 retaining 3 days of logs
13:15:04:226 [INFO]	SqliteResumeCache::SqliteResumeCache basedirectory is null/empty
13:15:04:226 [ERROR]	SqliteResumeCache::CreateSqliteResumeCache creating resume cache pointer failure
13:15:04:227 [ERROR]	Initialize resume cache pointer failure
13:15:04:227 [INFO]	gude policy POLICY_USER limit (4,4,1) chunk 2097152, chunking (UL 0 DL 1), resXfer 1, adapt 0, NSURL 1, timeout 86400 
13:15:04:227 [INFO]	Initialized -- gude-lib version: v0.12.1 app: gude
15:34:59:012 [ALWAYS]	GUDE Logging Started
15:34:59:020 [INFO]	SqliteResumeCache::SqliteResumeCache basedirectory is null/empty
15:34:59:020 [ERROR]	SqliteResumeCache::CreateSqliteResumeCache creating resume cache pointer failure
15:34:59:020 [ERROR]	Initialize resume cache pointer failure
15:34:59:021 [INFO]	gude policy POLICY_USER limit (2,2,1) chunk 2097152, chunking (UL 0 DL 1), resXfer 1, adapt 0, NSURL 0, timeout 86400 
15:34:59:021 [INFO]	Initialized -- gude-lib version: v0.12.1 app: gude
15:35:02:128 [WARN]	Ignoring attempt to reinit logging to \gude at level 4 retaining 3 days of logs
15:35:02:128 [INFO]	SqliteResumeCache::SqliteResumeCache basedirectory is null/empty
15:35:02:128 [ERROR]	SqliteResumeCache::CreateSqliteResumeCache creating resume cache pointer failure
15:35:02:128 [ERROR]	Initialize resume cache pointer failure
15:35:02:129 [INFO]	gude policy POLICY_USER limit (4,4,1) chunk 2097152, chunking (UL 0 DL 1), resXfer 1, adapt 0, NSURL 1, timeout 86400 
15:35:02:129 [INFO]	Initialized -- gude-lib version: v0.12.1 app: gude
16:27:50:267 [ALWAYS]	GUDE Logging Started
16:27:50:273 [INFO]	SqliteResumeCache::SqliteResumeCache basedirectory is null/empty
16:27:50:273 [ERROR]	SqliteResumeCache::CreateSqliteResumeCache creating resume cache pointer failure
16:27:50:273 [ERROR]	Initialize resume cache pointer failure
16:27:50:273 [INFO]	gude policy POLICY_USER limit (2,2,1) chunk 2097152, chunking (UL 0 DL 1), resXfer 1, adapt 0, NSURL 0, timeout 86400 
16:27:50:273 [INFO]	Initialized -- gude-lib version: v0.12.1 app: gude
16:27:53:386 [WARN]	Ignoring attempt to reinit logging to \gude at level 4 retaining 3 days of logs
16:27:53:386 [INFO]	SqliteResumeCache::SqliteResumeCache basedirectory is null/empty
16:27:53:386 [ERROR]	SqliteResumeCache::CreateSqliteResumeCache creating resume cache pointer failure
16:27:53:386 [ERROR]	Initialize resume cache pointer failure
16:27:53:386 [INFO]	gude policy POLICY_USER limit (4,4,1) chunk 2097152, chunking (UL 0 DL 1), resXfer 1, adapt 0, NSURL 1, timeout 86400 
16:27:53:386 [INFO]	Initialized -- gude-lib version: v0.12.1 app: gude
